c:\users\administrator\desktop\crd_gsn\crd_gsn\release\crd_gsn.pch
c:\users\administrator\desktop\crd_gsn\crd_gsn\release\vc140.pdb
c:\users\administrator\desktop\crd_gsn\crd_gsn\release\stdafx.obj
c:\users\administrator\desktop\crd_gsn\crd_gsn\release\crd_gsndlg.obj
c:\users\administrator\desktop\crd_gsn\crd_gsn\release\crd_gsn.obj
c:\users\administrator\desktop\crd_gsn\release\crd_gsn.exe
c:\users\administrator\desktop\crd_gsn\release\crd_gsn.ipdb
c:\users\administrator\desktop\crd_gsn\release\crd_gsn.iobj
c:\users\administrator\desktop\crd_gsn\release\crd_gsn.pdb
c:\users\administrator\desktop\crd_gsn\crd_gsn\release\crd_gsn.res
c:\users\administrator\desktop\crd_gsn\crd_gsn\release\vc120.pdb
c:\users\administrator\desktop\crd_gsn\crd_gsn\release\crd_gsn.tlog\cl.command.1.tlog
c:\users\administrator\desktop\crd_gsn\crd_gsn\release\crd_gsn.tlog\cl.read.1.tlog
c:\users\administrator\desktop\crd_gsn\crd_gsn\release\crd_gsn.tlog\cl.write.1.tlog
c:\users\administrator\desktop\crd_gsn\crd_gsn\release\crd_gsn.tlog\link.command.1.tlog
c:\users\administrator\desktop\crd_gsn\crd_gsn\release\crd_gsn.tlog\link.read.1.tlog
c:\users\administrator\desktop\crd_gsn\crd_gsn\release\crd_gsn.tlog\link.write.1.tlog
c:\users\administrator\desktop\crd_gsn\crd_gsn\release\crd_gsn.tlog\rc.command.1.tlog
c:\users\administrator\desktop\crd_gsn\crd_gsn\release\crd_gsn.tlog\rc.read.1.tlog
c:\users\administrator\desktop\crd_gsn\crd_gsn\release\crd_gsn.tlog\rc.write.1.tlog
